Copyright 1986-2016 Xilinx, Inc. All Rights Reserved.
------------------------------------------------------------------------------------
| Tool Version : Vivado v.2016.3 (win64) Build 1682563 Mon Oct 10 19:07:27 MDT 2016
| Date         : Sun Dec 04 09:50:17 2016
| Host         : KomputerMarcina running 64-bit major release  (build 9200)
| Command      : upgrade_ip
| Device       : xc7z010clg400-1
------------------------------------------------------------------------------------

Upgrade Log for IP 'zordon_AXI_Slave_0_2'

1. Summary
----------

SUCCESS in the upgrade of zordon_AXI_Slave_0_2 (xilinx.com:user:AXI_Slave:1.0) from (Rev. 5) to (Rev. 6)






Copyright 1986-2016 Xilinx, Inc. All Rights Reserved.
------------------------------------------------------------------------------------
| Tool Version : Vivado v.2016.3 (win64) Build 1682563 Mon Oct 10 19:07:27 MDT 2016
| Date         : Sun Dec 04 03:15:37 2016
| Host         : KomputerMarcina running 64-bit major release  (build 9200)
| Command      : upgrade_ip
| Device       : xc7z010clg400-1
------------------------------------------------------------------------------------

Upgrade Log for IP 'zordon_AXI_Slave_0_2'

1. Summary
----------

SUCCESS in the upgrade of zordon_AXI_Slave_0_2 (xilinx.com:user:AXI_Slave:1.0) from (Rev. 4) to (Rev. 5)






Copyright 1986-2016 Xilinx, Inc. All Rights Reserved.
------------------------------------------------------------------------------------
| Tool Version : Vivado v.2016.3 (win64) Build 1682563 Mon Oct 10 19:07:27 MDT 2016
| Date         : Sun Dec 04 02:36:56 2016
| Host         : KomputerMarcina running 64-bit major release  (build 9200)
| Command      : upgrade_ip
| Device       : xc7z010clg400-1
------------------------------------------------------------------------------------

Upgrade Log for IP 'zordon_AXI_Slave_0_2'

1. Summary
----------

SUCCESS in the upgrade of zordon_AXI_Slave_0_2 (xilinx.com:user:AXI_Slave:1.0) from (Rev. 3) to (Rev. 4)






Copyright 1986-2016 Xilinx, Inc. All Rights Reserved.
------------------------------------------------------------------------------------
| Tool Version : Vivado v.2016.3 (win64) Build 1682563 Mon Oct 10 19:07:27 MDT 2016
| Date         : Sat Dec 03 19:30:13 2016
| Host         : KomputerMarcina running 64-bit major release  (build 9200)
| Command      : upgrade_ip
| Device       : xc7z010clg400-1
------------------------------------------------------------------------------------

Upgrade Log for IP 'zordon_AXI_Slave_0_2'

1. Summary
----------

CAUTION (success, with warnings) in the upgrade of zordon_AXI_Slave_0_2 (xilinx.com:user:AXI_Slave:1.0) from (Rev. 1) to (Rev. 3)

After upgrade, an IP may have parameter and port differences compared to the original customization. Please review the parameters within the IP customization GUI to ensure proper functionality. Also, please review the updated IP instantiation template to ensure proper connectivity, and update your design if required.

2. Interface Information
------------------------

Detected external interface differences while upgrading 'zordon_AXI_Slave_0_2'.


-Upgrade has added interface 'interrupt' (xilinx.com:signal:interrupt:1.0)

-Upgrade has added interface 's00_axi_aclk' (xilinx.com:signal:clock:1.0)

-Upgrade has added interface 's00_axi_aresetn' (xilinx.com:signal:reset:1.0)


3. Connection Warnings
----------------------

Detected external port differences while upgrading 'zordon_AXI_Slave_0_2'. These changes may impact your design.


-Upgrade has added port 'interrupt'

-Upgrade has added port 'xready'

-Upgrade has added port 'xsr'

-Upgrade has added port 'yready'

-Upgrade has added port 'ysr'







Copyright 1986-2016 Xilinx, Inc. All Rights Reserved.
------------------------------------------------------------------------------------
| Tool Version : Vivado v.2016.3 (win64) Build 1682563 Mon Oct 10 19:07:27 MDT 2016
| Date         : Sat Dec 03 18:06:14 2016
| Host         : KomputerMarcina running 64-bit major release  (build 9200)
| Command      : upgrade_ip
| Device       : xc7z010clg400-1
------------------------------------------------------------------------------------

Upgrade Log for IP 'zordon_median_0_1'

1. Summary
----------

SUCCESS in the update of zordon_median_0_1 (xilinx.com:user:median:1.1 (Rev. 1)) to current project options.






Copyright 1986-2016 Xilinx, Inc. All Rights Reserved.
------------------------------------------------------------------------------------
| Tool Version : Vivado v.2016.3 (win64) Build 1682563 Mon Oct 10 19:07:27 MDT 2016
| Date         : Sat Dec 03 17:31:40 2016
| Host         : KomputerMarcina running 64-bit major release  (build 9200)
| Command      : upgrade_ip
| Device       : xc7z010clg400-1
------------------------------------------------------------------------------------

Upgrade Log for IP 'zordon_median_0_1'

1. Summary
----------

SUCCESS in the update of zordon_median_0_1 (xilinx.com:user:median:1.1 (Rev. 1)) to current project options.






Copyright 1986-2016 Xilinx, Inc. All Rights Reserved.
------------------------------------------------------------------------------------
| Tool Version : Vivado v.2016.3 (win64) Build 1682563 Mon Oct 10 19:07:27 MDT 2016
| Date         : Sat Dec 03 17:08:08 2016
| Host         : KomputerMarcina running 64-bit major release  (build 9200)
| Command      : upgrade_ip
| Device       : xc7z010clg400-1
------------------------------------------------------------------------------------

Upgrade Log for IP 'zordon_median_0_1'

1. Summary
----------

SUCCESS in the update of zordon_median_0_1 (xilinx.com:user:median:1.1 (Rev. 1)) to current project options.






Copyright 1986-2016 Xilinx, Inc. All Rights Reserved.
------------------------------------------------------------------------------------
| Tool Version : Vivado v.2016.3 (win64) Build 1682563 Mon Oct 10 19:07:27 MDT 2016
| Date         : Sat Dec 03 16:34:48 2016
| Host         : KomputerMarcina running 64-bit major release  (build 9200)
| Command      : upgrade_ip
| Device       : xc7z010clg400-1
------------------------------------------------------------------------------------

Upgrade Log for IP 'zordon_proste_0_0'

1. Summary
----------

SUCCESS in the update of zordon_proste_0_0 (xilinx.com:user:proste:1.0 (Rev. 2)) to current project options.






Copyright 1986-2016 Xilinx, Inc. All Rights Reserved.
------------------------------------------------------------------------------------
| Tool Version : Vivado v.2016.3 (win64) Build 1682563 Mon Oct 10 19:07:27 MDT 2016
| Date         : Sat Dec 03 16:34:48 2016
| Host         : KomputerMarcina running 64-bit major release  (build 9200)
| Command      : upgrade_ip
| Device       : xc7z010clg400-1
------------------------------------------------------------------------------------

Upgrade Log for IP 'zordon_binary_0_0'

1. Summary
----------

SUCCESS in the update of zordon_binary_0_0 (xilinx.com:user:binary:1.0 (Rev. 2)) to current project options.






Copyright 1986-2016 Xilinx, Inc. All Rights Reserved.
------------------------------------------------------------------------------------
| Tool Version : Vivado v.2016.3 (win64) Build 1682563 Mon Oct 10 19:07:27 MDT 2016
| Date         : Sat Dec 03 16:20:01 2016
| Host         : KomputerMarcina running 64-bit major release  (build 9200)
| Command      : upgrade_ip
| Device       : xc7z010clg400-1
------------------------------------------------------------------------------------

Upgrade Log for IP 'zordon_srodek_0_0'

1. Summary
----------

SUCCESS in the update of zordon_srodek_0_0 (xilinx.com:user:srodek:1.0 (Rev. 2)) to current project options.






Copyright 1986-2016 Xilinx, Inc. All Rights Reserved.
------------------------------------------------------------------------------------
| Tool Version : Vivado v.2016.3 (win64) Build 1682563 Mon Oct 10 19:07:27 MDT 2016
| Date         : Sat Dec 03 16:01:14 2016
| Host         : KomputerMarcina running 64-bit major release  (build 9200)
| Command      : upgrade_ip
| Device       : xc7z010clg400-1
------------------------------------------------------------------------------------

Upgrade Log for IP 'zordon_srodek_0_0'

1. Summary
----------

SUCCESS in the update of zordon_srodek_0_0 (xilinx.com:user:srodek:1.0 (Rev. 2)) to current project options.






Copyright 1986-2016 Xilinx, Inc. All Rights Reserved.
------------------------------------------------------------------------------------
| Tool Version : Vivado v.2016.3 (win64) Build 1682563 Mon Oct 10 19:07:27 MDT 2016
| Date         : Sat Dec 03 12:07:12 2016
| Host         : KomputerMarcina running 64-bit major release  (build 9200)
| Command      : upgrade_ip
| Device       : xc7z010clg400-1
------------------------------------------------------------------------------------

Upgrade Log for IP 'zordon_proste_0_0'

1. Summary
----------

SUCCESS in the update of zordon_proste_0_0 (xilinx.com:user:proste:1.0 (Rev. 2)) to current project options.






Copyright 1986-2016 Xilinx, Inc. All Rights Reserved.
------------------------------------------------------------------------------------
| Tool Version : Vivado v.2016.3 (win64) Build 1682563 Mon Oct 10 19:07:27 MDT 2016
| Date         : Sat Dec 03 12:07:12 2016
| Host         : KomputerMarcina running 64-bit major release  (build 9200)
| Command      : upgrade_ip
| Device       : xc7z010clg400-1
------------------------------------------------------------------------------------

Upgrade Log for IP 'zordon_median_0_1'

1. Summary
----------

CAUTION (success, with warnings) in the update of zordon_median_0_1 (xilinx.com:user:median:1.1 (Rev. 1)) to current project options.

After upgrade, an IP may have parameter and port differences compared to the original customization. Please review the parameters within the IP customization GUI to ensure proper functionality. Also, please review the updated IP instantiation template to ensure proper connectivity, and update your design if required.

2. Connection Warnings
----------------------

Detected external port differences while upgrading 'zordon_median_0_1'. These changes may impact your design.


-Upgrade has removed port 'deout'

-Upgrade has removed port 'hsyncout'

-Upgrade has removed port 'vsyncout'

-Upgrade has added port 'de_out'

-Upgrade has added port 'hsync_out'

-Upgrade has added port 'vsync_out'







Copyright 1986-2016 Xilinx, Inc. All Rights Reserved.
------------------------------------------------------------------------------------
| Tool Version : Vivado v.2016.3 (win64) Build 1682563 Mon Oct 10 19:07:27 MDT 2016
| Date         : Sat Dec 03 12:07:12 2016
| Host         : KomputerMarcina running 64-bit major release  (build 9200)
| Command      : upgrade_ip
| Device       : xc7z010clg400-1
------------------------------------------------------------------------------------

Upgrade Log for IP 'zordon_binary_0_0'

1. Summary
----------

SUCCESS in the update of zordon_binary_0_0 (xilinx.com:user:binary:1.0 (Rev. 2)) to current project options.






Copyright 1986-2016 Xilinx, Inc. All Rights Reserved.
------------------------------------------------------------------------------------
| Tool Version : Vivado v.2016.3 (win64) Build 1682563 Mon Oct 10 19:07:27 MDT 2016
| Date         : Fri Dec 02 20:58:26 2016
| Host         : KomputerMarcina running 64-bit major release  (build 9200)
| Command      : upgrade_ip
| Device       : xc7z010clg400-1
------------------------------------------------------------------------------------

Upgrade Log for IP 'zordon_median_0_1'

1. Summary
----------

SUCCESS in the update of zordon_median_0_1 (xilinx.com:user:median:1.1 (Rev. 1)) to current project options.






Copyright 1986-2016 Xilinx, Inc. All Rights Reserved.
------------------------------------------------------------------------------------
| Tool Version : Vivado v.2016.3 (win64) Build 1682563 Mon Oct 10 19:07:27 MDT 2016
| Date         : Fri Dec 02 20:15:18 2016
| Host         : KomputerMarcina running 64-bit major release  (build 9200)
| Command      : upgrade_ip
| Device       : xc7z010clg400-1
------------------------------------------------------------------------------------

Upgrade Log for IP 'zordon_median_0_1'

1. Summary
----------

SUCCESS in the update of zordon_median_0_1 (xilinx.com:user:median:1.1 (Rev. 1)) to current project options.






Copyright 1986-2016 Xilinx, Inc. All Rights Reserved.
------------------------------------------------------------------------------------
| Tool Version : Vivado v.2016.3 (win64) Build 1682563 Mon Oct 10 19:07:27 MDT 2016
| Date         : Thu Dec 01 23:44:31 2016
| Host         : KomputerMarcina running 64-bit major release  (build 9200)
| Command      : upgrade_ip
| Device       : xc7z010clg400-1
------------------------------------------------------------------------------------

Upgrade Log for IP 'zordon_median_0_1'

1. Summary
----------

SUCCESS in the update of zordon_median_0_1 (xilinx.com:user:median:1.1 (Rev. 1)) to current project options.






Copyright 1986-2016 Xilinx, Inc. All Rights Reserved.
------------------------------------------------------------------------------------
| Tool Version : Vivado v.2016.3 (win64) Build 1682563 Mon Oct 10 19:07:27 MDT 2016
| Date         : Thu Dec 01 21:57:08 2016
| Host         : KomputerMarcina running 64-bit major release  (build 9200)
| Command      : upgrade_ip
| Device       : xc7z010clg400-1
------------------------------------------------------------------------------------

Upgrade Log for IP 'zordon_proste_0_0'

1. Summary
----------

SUCCESS in the update of zordon_proste_0_0 (xilinx.com:user:proste:1.0 (Rev. 2)) to current project options.






Copyright 1986-2016 Xilinx, Inc. All Rights Reserved.
------------------------------------------------------------------------------------
| Tool Version : Vivado v.2016.3 (win64) Build 1682563 Mon Oct 10 19:07:27 MDT 2016
| Date         : Thu Dec 01 21:29:10 2016
| Host         : KomputerMarcina running 64-bit major release  (build 9200)
| Command      : upgrade_ip
| Device       : xc7z010clg400-1
------------------------------------------------------------------------------------

Upgrade Log for IP 'zordon_binary_0_0'

1. Summary
----------

SUCCESS in the update of zordon_binary_0_0 (xilinx.com:user:binary:1.0 (Rev. 2)) to current project options.






Copyright 1986-2016 Xilinx, Inc. All Rights Reserved.
------------------------------------------------------------------------------------
| Tool Version : Vivado v.2016.3 (win64) Build 1682563 Mon Oct 10 19:07:27 MDT 2016
| Date         : Thu Dec 01 02:49:01 2016
| Host         : KomputerMarcina running 64-bit major release  (build 9200)
| Command      : upgrade_ip
| Device       : xc7z010clg400-1
------------------------------------------------------------------------------------

Upgrade Log for IP 'zordon_median_0_1'

1. Summary
----------

SUCCESS in the upgrade of zordon_median_0_1 from xilinx.com:user:median:1.1 (Rev. 1) to xilinx.com:user:median:1.2 (Rev. 1)






Copyright 1986-2016 Xilinx, Inc. All Rights Reserved.
------------------------------------------------------------------------------------
| Tool Version : Vivado v.2016.3 (win64) Build 1682563 Mon Oct 10 19:07:27 MDT 2016
| Date         : Thu Dec 01 02:29:43 2016
| Host         : KomputerMarcina running 64-bit major release  (build 9200)
| Command      : upgrade_ip
| Device       : xc7z010clg400-1
------------------------------------------------------------------------------------

Upgrade Log for IP 'zordon_median_0_1'

1. Summary
----------

SUCCESS in the upgrade of zordon_median_0_1 from xilinx.com:user:median:1.0 (Rev. 2) to xilinx.com:user:median:1.1 (Rev. 1)






Copyright 1986-2016 Xilinx, Inc. All Rights Reserved.
------------------------------------------------------------------------------------
| Tool Version : Vivado v.2016.3 (win64) Build 1682563 Mon Oct 10 19:07:27 MDT 2016
| Date         : Thu Oct 27 22:34:36 2016
| Host         : Zordon running 64-bit major release  (build 9200)
| Command      : upgrade_ip
| Device       : xc7z010clg400-1
------------------------------------------------------------------------------------

Upgrade Log for IP 'zordon_rst_processing_system7_0_100M_1'

1. Summary
----------

SUCCESS in the upgrade of zordon_rst_processing_system7_0_100M_1 (xilinx.com:ip:proc_sys_reset:5.0) from (Rev. 8) to (Rev. 10)






Copyright 1986-2016 Xilinx, Inc. All Rights Reserved.
------------------------------------------------------------------------------------
| Tool Version : Vivado v.2016.3 (win64) Build 1682563 Mon Oct 10 19:07:27 MDT 2016
| Date         : Thu Oct 27 22:34:36 2016
| Host         : Zordon running 64-bit major release  (build 9200)
| Command      : upgrade_ip
| Device       : xc7z010clg400-1
------------------------------------------------------------------------------------

Upgrade Log for IP 'zordon_rst_processing_system7_0_100M_0'

1. Summary
----------

SUCCESS in the upgrade of zordon_rst_processing_system7_0_100M_0 (xilinx.com:ip:proc_sys_reset:5.0) from (Rev. 8) to (Rev. 10)






Copyright 1986-2016 Xilinx, Inc. All Rights Reserved.
------------------------------------------------------------------------------------
| Tool Version : Vivado v.2016.3 (win64) Build 1682563 Mon Oct 10 19:07:27 MDT 2016
| Date         : Thu Oct 27 22:34:36 2016
| Host         : Zordon running 64-bit major release  (build 9200)
| Command      : upgrade_ip
| Device       : xc7z010clg400-1
------------------------------------------------------------------------------------

Upgrade Log for IP 'zordon_processing_system7_0_axi_periph_0'

1. Summary
----------

SUCCESS in the upgrade of zordon_processing_system7_0_axi_periph_0 (xilinx.com:ip:axi_interconnect:2.1) from (Rev. 8) to (Rev. 11)






Copyright 1986-2016 Xilinx, Inc. All Rights Reserved.
------------------------------------------------------------------------------------
| Tool Version : Vivado v.2016.3 (win64) Build 1682563 Mon Oct 10 19:07:27 MDT 2016
| Date         : Thu Oct 27 22:34:36 2016
| Host         : Zordon running 64-bit major release  (build 9200)
| Command      : upgrade_ip
| Device       : xc7z010clg400-1
------------------------------------------------------------------------------------

Upgrade Log for IP 'zordon_processing_system7_0_0'

1. Summary
----------

SUCCESS in the upgrade of zordon_processing_system7_0_0 (xilinx.com:ip:processing_system7:5.5) from (Rev. 3) to (Rev. 4)

2. Upgrade messages
-------------------

WARNING: upgrade cannot add parameter PCW_TRACE_INTERNAL_WIDTH with default value 32 : a parameter called PCW_TRACE_INTERNAL_WIDTH already exists in processing_system7_v5_5
WARNING: upgrade cannot add parameter PCW_USE_AXI_NONSECURE with default value 0 : a parameter called PCW_USE_AXI_NONSECURE already exists in processing_system7_v5_5
WARNING: upgrade cannot add parameter PCW_EN_PTP_ENET0 with default value 1 : a parameter called PCW_EN_PTP_ENET0 already exists in processing_system7_v5_5
WARNING: upgrade cannot add parameter PCW_EN_PTP_ENET0 with default value 1 : a parameter called PCW_EN_PTP_ENET0 already exists in processing_system7_v5_5
Added parameter PCW_GP0_NUM_WRITE_THREADS with value 4 (source 'default')
Added parameter PCW_GP0_NUM_READ_THREADS with value 4 (source 'default')
Added parameter PCW_GP1_NUM_WRITE_THREADS with value 4 (source 'default')
Added parameter PCW_GP1_NUM_READ_THREADS with value 4 (source 'default')
Added parameter PCW_GP0_EN_MODIFIABLE_TXN with value 0 (source 'default')
Added parameter PCW_GP1_EN_MODIFIABLE_TXN with value 0 (source 'default')






Copyright 1986-2016 Xilinx, Inc. All Rights Reserved.
------------------------------------------------------------------------------------
| Tool Version : Vivado v.2016.3 (win64) Build 1682563 Mon Oct 10 19:07:27 MDT 2016
| Date         : Thu Oct 27 22:34:36 2016
| Host         : Zordon running 64-bit major release  (build 9200)
| Command      : upgrade_ip
| Device       : xc7z010clg400-1
------------------------------------------------------------------------------------

Upgrade Log for IP 'zordon_clk_wiz_0_0'

1. Summary
----------

CAUTION (success, with warnings) in the upgrade of zordon_clk_wiz_0_0 from xilinx.com:ip:clk_wiz:5.2 (Rev. 1) to xilinx.com:ip:clk_wiz:5.3 (Rev. 2)

After upgrade, an IP may have parameter and port differences compared to the original customization. Please review the parameters within the IP customization GUI to ensure proper functionality. Also, please review the updated IP instantiation template to ensure proper connectivity, and update your design if required.

2. Connection Warnings
----------------------

Detected external port differences while upgrading 'zordon_clk_wiz_0_0'. These changes may impact your design.


-Upgraded port order differs after port 'reset'







Copyright 1986-2016 Xilinx, Inc. All Rights Reserved.
------------------------------------------------------------------------------------
| Tool Version : Vivado v.2016.3 (win64) Build 1682563 Mon Oct 10 19:07:27 MDT 2016
| Date         : Thu Oct 27 22:34:36 2016
| Host         : Zordon running 64-bit major release  (build 9200)
| Command      : upgrade_ip
| Device       : xc7z010clg400-1
------------------------------------------------------------------------------------

Upgrade Log for IP 'zordon_axi_protocol_converter_0_0'

1. Summary
----------

SUCCESS in the upgrade of zordon_axi_protocol_converter_0_0 (xilinx.com:ip:axi_protocol_converter:2.1) from (Rev. 7) to (Rev. 10)






Copyright 1986-2016 Xilinx, Inc. All Rights Reserved.
------------------------------------------------------------------------------------
| Tool Version : Vivado v.2016.3 (win64) Build 1682563 Mon Oct 10 19:07:27 MDT 2016
| Date         : Thu Oct 27 22:34:36 2016
| Host         : Zordon running 64-bit major release  (build 9200)
| Command      : upgrade_ip
| Device       : xc7z010clg400-1
------------------------------------------------------------------------------------

Upgrade Log for IP 'zordon_axi_gpio_0_1'

1. Summary
----------

SUCCESS in the upgrade of zordon_axi_gpio_0_1 (xilinx.com:ip:axi_gpio:2.0) from (Rev. 9) to (Rev. 12)






Copyright 1986-2016 Xilinx, Inc. All Rights Reserved.
------------------------------------------------------------------------------------
| Tool Version : Vivado v.2016.3 (win64) Build 1682563 Mon Oct 10 19:07:27 MDT 2016
| Date         : Thu Oct 27 22:34:36 2016
| Host         : Zordon running 64-bit major release  (build 9200)
| Command      : upgrade_ip
| Device       : xc7z010clg400-1
------------------------------------------------------------------------------------

Upgrade Log for IP 'zordon_axi_gpio_0_0'

1. Summary
----------

SUCCESS in the upgrade of zordon_axi_gpio_0_0 (xilinx.com:ip:axi_gpio:2.0) from (Rev. 9) to (Rev. 12)






Copyright 1986-2016 Xilinx, Inc. All Rights Reserved.
------------------------------------------------------------------------------------
| Tool Version : Vivado v.2016.3 (win64) Build 1682563 Mon Oct 10 19:07:27 MDT 2016
| Date         : Thu Oct 27 22:34:22 2016
| Host         : Zordon running 64-bit major release  (build 9200)
| Command      : upgrade_ip
| Device       : xc7z010clg400-1
------------------------------------------------------------------------------------

Upgrade Log for IP 'DDR_mem_BRAM_tb_blk_mem_gen_0_1'

1. Summary
----------

SUCCESS in the upgrade of DDR_mem_BRAM_tb_blk_mem_gen_0_1 (xilinx.com:ip:blk_mem_gen:8.3) from (Rev. 1) to (Rev. 4)






Copyright 1986-2016 Xilinx, Inc. All Rights Reserved.
------------------------------------------------------------------------------------
| Tool Version : Vivado v.2016.3 (win64) Build 1682563 Mon Oct 10 19:07:27 MDT 2016
| Date         : Thu Oct 27 22:34:22 2016
| Host         : Zordon running 64-bit major release  (build 9200)
| Command      : upgrade_ip
| Device       : xc7z010clg400-1
------------------------------------------------------------------------------------

Upgrade Log for IP 'DDR_mem_BRAM_tb_axi_bram_ctrl_0_1'

1. Summary
----------

SUCCESS in the upgrade of DDR_mem_BRAM_tb_axi_bram_ctrl_0_1 (xilinx.com:ip:axi_bram_ctrl:4.0) from (Rev. 6) to (Rev. 9)






Copyright 1986-2016 Xilinx, Inc. All Rights Reserved.
------------------------------------------------------------------------------------
| Tool Version : Vivado v.2016.3 (win64) Build 1682563 Mon Oct 10 19:07:27 MDT 2016
| Date         : Thu Oct 27 22:31:21 2016
| Host         : Zordon running 64-bit major release  (build 9200)
| Command      : upgrade_ip
| Device       : xc7z010clg400-1
------------------------------------------------------------------------------------

Upgrade Log for IP 'sum_18_18'

1. Summary
----------

SUCCESS in the upgrade of sum_18_18 (xilinx.com:ip:c_addsub:12.0) from (Rev. 8) to (Rev. 10)






Copyright 1986-2016 Xilinx, Inc. All Rights Reserved.
------------------------------------------------------------------------------------
| Tool Version : Vivado v.2016.3 (win64) Build 1682563 Mon Oct 10 19:07:27 MDT 2016
| Date         : Thu Oct 27 22:31:20 2016
| Host         : Zordon running 64-bit major release  (build 9200)
| Command      : upgrade_ip
| Device       : xc7z010clg400-1
------------------------------------------------------------------------------------

Upgrade Log for IP 'sum_17_24'

1. Summary
----------

SUCCESS in the upgrade of sum_17_24 (xilinx.com:ip:c_addsub:12.0) from (Rev. 8) to (Rev. 10)






Copyright 1986-2016 Xilinx, Inc. All Rights Reserved.
------------------------------------------------------------------------------------
| Tool Version : Vivado v.2016.3 (win64) Build 1682563 Mon Oct 10 19:07:27 MDT 2016
| Date         : Thu Oct 27 22:31:20 2016
| Host         : Zordon running 64-bit major release  (build 9200)
| Command      : upgrade_ip
| Device       : xc7z010clg400-1
------------------------------------------------------------------------------------

Upgrade Log for IP 'sub_9_8'

1. Summary
----------

SUCCESS in the upgrade of sub_9_8 (xilinx.com:ip:c_addsub:12.0) from (Rev. 8) to (Rev. 10)






Copyright 1986-2016 Xilinx, Inc. All Rights Reserved.
------------------------------------------------------------------------------------
| Tool Version : Vivado v.2016.3 (win64) Build 1682563 Mon Oct 10 19:07:27 MDT 2016
| Date         : Thu Oct 27 22:31:19 2016
| Host         : Zordon running 64-bit major release  (build 9200)
| Command      : upgrade_ip
| Device       : xc7z010clg400-1
------------------------------------------------------------------------------------

Upgrade Log for IP 'sub_15_16'

1. Summary
----------

SUCCESS in the upgrade of sub_15_16 (xilinx.com:ip:c_addsub:12.0) from (Rev. 8) to (Rev. 10)






Copyright 1986-2016 Xilinx, Inc. All Rights Reserved.
------------------------------------------------------------------------------------
| Tool Version : Vivado v.2016.3 (win64) Build 1682563 Mon Oct 10 19:07:27 MDT 2016
| Date         : Thu Oct 27 22:31:19 2016
| Host         : Zordon running 64-bit major release  (build 9200)
| Command      : upgrade_ip
| Device       : xc7z010clg400-1
------------------------------------------------------------------------------------

Upgrade Log for IP 'sqrt_w'

1. Summary
----------

SUCCESS in the upgrade of sqrt_w (xilinx.com:ip:cordic:6.0) from (Rev. 9) to (Rev. 11)






Copyright 1986-2016 Xilinx, Inc. All Rights Reserved.
------------------------------------------------------------------------------------
| Tool Version : Vivado v.2016.3 (win64) Build 1682563 Mon Oct 10 19:07:27 MDT 2016
| Date         : Thu Oct 27 22:31:19 2016
| Host         : Zordon running 64-bit major release  (build 9200)
| Command      : upgrade_ip
| Device       : xc7z010clg400-1
------------------------------------------------------------------------------------

Upgrade Log for IP 'sqrt_18'

1. Summary
----------

SUCCESS in the upgrade of sqrt_18 (xilinx.com:ip:cordic:6.0) from (Rev. 9) to (Rev. 11)






Copyright 1986-2016 Xilinx, Inc. All Rights Reserved.
------------------------------------------------------------------------------------
| Tool Version : Vivado v.2016.3 (win64) Build 1682563 Mon Oct 10 19:07:27 MDT 2016
| Date         : Thu Oct 27 22:31:19 2016
| Host         : Zordon running 64-bit major release  (build 9200)
| Command      : upgrade_ip
| Device       : xc7z010clg400-1
------------------------------------------------------------------------------------

Upgrade Log for IP 'primary_histogram'

1. Summary
----------

SUCCESS in the upgrade of primary_histogram (xilinx.com:ip:blk_mem_gen:8.3) from (Rev. 1) to (Rev. 4)






Copyright 1986-2016 Xilinx, Inc. All Rights Reserved.
------------------------------------------------------------------------------------
| Tool Version : Vivado v.2016.3 (win64) Build 1682563 Mon Oct 10 19:07:27 MDT 2016
| Date         : Thu Oct 27 22:31:15 2016
| Host         : Zordon running 64-bit major release  (build 9200)
| Command      : upgrade_ip
| Device       : xc7z010clg400-1
------------------------------------------------------------------------------------

Upgrade Log for IP 'multiplier'

1. Summary
----------

SUCCESS in the upgrade of multiplier (xilinx.com:ip:mult_gen:12.0) from (Rev. 10) to (Rev. 12)






Copyright 1986-2016 Xilinx, Inc. All Rights Reserved.
------------------------------------------------------------------------------------
| Tool Version : Vivado v.2016.3 (win64) Build 1682563 Mon Oct 10 19:07:27 MDT 2016
| Date         : Thu Oct 27 22:31:15 2016
| Host         : Zordon running 64-bit major release  (build 9200)
| Command      : upgrade_ip
| Device       : xc7z010clg400-1
------------------------------------------------------------------------------------

Upgrade Log for IP 'mult_gen_0'

1. Summary
----------

SUCCESS in the upgrade of mult_gen_0 (xilinx.com:ip:mult_gen:12.0) from (Rev. 10) to (Rev. 12)






Copyright 1986-2016 Xilinx, Inc. All Rights Reserved.
------------------------------------------------------------------------------------
| Tool Version : Vivado v.2016.3 (win64) Build 1682563 Mon Oct 10 19:07:27 MDT 2016
| Date         : Thu Oct 27 22:31:15 2016
| Host         : Zordon running 64-bit major release  (build 9200)
| Command      : upgrade_ip
| Device       : xc7z010clg400-1
------------------------------------------------------------------------------------

Upgrade Log for IP 'mult_9_9_gradient'

1. Summary
----------

SUCCESS in the upgrade of mult_9_9_gradient (xilinx.com:ip:mult_gen:12.0) from (Rev. 10) to (Rev. 12)






Copyright 1986-2016 Xilinx, Inc. All Rights Reserved.
------------------------------------------------------------------------------------
| Tool Version : Vivado v.2016.3 (win64) Build 1682563 Mon Oct 10 19:07:27 MDT 2016
| Date         : Thu Oct 27 22:31:15 2016
| Host         : Zordon running 64-bit major release  (build 9200)
| Command      : upgrade_ip
| Device       : xc7z010clg400-1
------------------------------------------------------------------------------------

Upgrade Log for IP 'mult_8_16'

1. Summary
----------

SUCCESS in the upgrade of mult_8_16 (xilinx.com:ip:mult_gen:12.0) from (Rev. 10) to (Rev. 12)






Copyright 1986-2016 Xilinx, Inc. All Rights Reserved.
------------------------------------------------------------------------------------
| Tool Version : Vivado v.2016.3 (win64) Build 1682563 Mon Oct 10 19:07:27 MDT 2016
| Date         : Thu Oct 27 22:31:15 2016
| Host         : Zordon running 64-bit major release  (build 9200)
| Command      : upgrade_ip
| Device       : xc7z010clg400-1
------------------------------------------------------------------------------------

Upgrade Log for IP 'mult_7_25'

1. Summary
----------

SUCCESS in the upgrade of mult_7_25 (xilinx.com:ip:mult_gen:12.0) from (Rev. 10) to (Rev. 12)






Copyright 1986-2016 Xilinx, Inc. All Rights Reserved.
------------------------------------------------------------------------------------
| Tool Version : Vivado v.2016.3 (win64) Build 1682563 Mon Oct 10 19:07:27 MDT 2016
| Date         : Thu Oct 27 22:31:14 2016
| Host         : Zordon running 64-bit major release  (build 9200)
| Command      : upgrade_ip
| Device       : xc7z010clg400-1
------------------------------------------------------------------------------------

Upgrade Log for IP 'mult_17_17'

1. Summary
----------

SUCCESS in the upgrade of mult_17_17 (xilinx.com:ip:mult_gen:12.0) from (Rev. 10) to (Rev. 12)






Copyright 1986-2016 Xilinx, Inc. All Rights Reserved.
------------------------------------------------------------------------------------
| Tool Version : Vivado v.2016.3 (win64) Build 1682563 Mon Oct 10 19:07:27 MDT 2016
| Date         : Thu Oct 27 22:31:14 2016
| Host         : Zordon running 64-bit major release  (build 9200)
| Command      : upgrade_ip
| Device       : xc7z010clg400-1
------------------------------------------------------------------------------------

Upgrade Log for IP 'mult_16_16'

1. Summary
----------

SUCCESS in the upgrade of mult_16_16 (xilinx.com:ip:mult_gen:12.0) from (Rev. 10) to (Rev. 12)






Copyright 1986-2016 Xilinx, Inc. All Rights Reserved.
------------------------------------------------------------------------------------
| Tool Version : Vivado v.2016.3 (win64) Build 1682563 Mon Oct 10 19:07:27 MDT 2016
| Date         : Thu Oct 27 22:31:14 2016
| Host         : Zordon running 64-bit major release  (build 9200)
| Command      : upgrade_ip
| Device       : xc7z010clg400-1
------------------------------------------------------------------------------------

Upgrade Log for IP 'mult_12_16'

1. Summary
----------

SUCCESS in the upgrade of mult_12_16 (xilinx.com:ip:mult_gen:12.0) from (Rev. 10) to (Rev. 12)






Copyright 1986-2016 Xilinx, Inc. All Rights Reserved.
------------------------------------------------------------------------------------
| Tool Version : Vivado v.2016.3 (win64) Build 1682563 Mon Oct 10 19:07:27 MDT 2016
| Date         : Thu Oct 27 22:31:14 2016
| Host         : Zordon running 64-bit major release  (build 9200)
| Command      : upgrade_ip
| Device       : xc7z010clg400-1
------------------------------------------------------------------------------------

Upgrade Log for IP 'kernel_ram'

1. Summary
----------

SUCCESS in the upgrade of kernel_ram (xilinx.com:ip:blk_mem_gen:8.3) from (Rev. 1) to (Rev. 4)






Copyright 1986-2016 Xilinx, Inc. All Rights Reserved.
------------------------------------------------------------------------------------
| Tool Version : Vivado v.2016.3 (win64) Build 1682563 Mon Oct 10 19:07:27 MDT 2016
| Date         : Thu Oct 27 22:31:11 2016
| Host         : Zordon running 64-bit major release  (build 9200)
| Command      : upgrade_ip
| Device       : xc7z010clg400-1
------------------------------------------------------------------------------------

Upgrade Log for IP 'image_data'

1. Summary
----------

SUCCESS in the upgrade of image_data (xilinx.com:ip:blk_mem_gen:8.3) from (Rev. 1) to (Rev. 4)






Copyright 1986-2016 Xilinx, Inc. All Rights Reserved.
------------------------------------------------------------------------------------
| Tool Version : Vivado v.2016.3 (win64) Build 1682563 Mon Oct 10 19:07:27 MDT 2016
| Date         : Thu Oct 27 22:31:06 2016
| Host         : Zordon running 64-bit major release  (build 9200)
| Command      : upgrade_ip
| Device       : xc7z010clg400-1
------------------------------------------------------------------------------------

Upgrade Log for IP 'divider'

1. Summary
----------

SUCCESS in the upgrade of divider (xilinx.com:ip:div_gen:5.1) from (Rev. 9) to (Rev. 11)






Copyright 1986-2016 Xilinx, Inc. All Rights Reserved.
------------------------------------------------------------------------------------
| Tool Version : Vivado v.2016.3 (win64) Build 1682563 Mon Oct 10 19:07:27 MDT 2016
| Date         : Thu Oct 27 22:31:06 2016
| Host         : Zordon running 64-bit major release  (build 9200)
| Command      : upgrade_ip
| Device       : xc7z010clg400-1
------------------------------------------------------------------------------------

Upgrade Log for IP 'div_9_16'

1. Summary
----------

SUCCESS in the upgrade of div_9_16 (xilinx.com:ip:div_gen:5.1) from (Rev. 9) to (Rev. 11)






Copyright 1986-2016 Xilinx, Inc. All Rights Reserved.
------------------------------------------------------------------------------------
| Tool Version : Vivado v.2016.3 (win64) Build 1682563 Mon Oct 10 19:07:27 MDT 2016
| Date         : Thu Oct 27 22:31:05 2016
| Host         : Zordon running 64-bit major release  (build 9200)
| Command      : upgrade_ip
| Device       : xc7z010clg400-1
------------------------------------------------------------------------------------

Upgrade Log for IP 'div_8_8'

1. Summary
----------

SUCCESS in the upgrade of div_8_8 (xilinx.com:ip:div_gen:5.1) from (Rev. 9) to (Rev. 11)






Copyright 1986-2016 Xilinx, Inc. All Rights Reserved.
------------------------------------------------------------------------------------
| Tool Version : Vivado v.2016.3 (win64) Build 1682563 Mon Oct 10 19:07:27 MDT 2016
| Date         : Thu Oct 27 22:31:05 2016
| Host         : Zordon running 64-bit major release  (build 9200)
| Command      : upgrade_ip
| Device       : xc7z010clg400-1
------------------------------------------------------------------------------------

Upgrade Log for IP 'div_16_16_simil'

1. Summary
----------

SUCCESS in the upgrade of div_16_16_simil (xilinx.com:ip:div_gen:5.1) from (Rev. 9) to (Rev. 11)






Copyright 1986-2016 Xilinx, Inc. All Rights Reserved.
------------------------------------------------------------------------------------
| Tool Version : Vivado v.2016.3 (win64) Build 1682563 Mon Oct 10 19:07:27 MDT 2016
| Date         : Thu Oct 27 22:31:05 2016
| Host         : Zordon running 64-bit major release  (build 9200)
| Command      : upgrade_ip
| Device       : xc7z010clg400-1
------------------------------------------------------------------------------------

Upgrade Log for IP 'div_16_16_hist'

1. Summary
----------

SUCCESS in the upgrade of div_16_16_hist (xilinx.com:ip:div_gen:5.1) from (Rev. 9) to (Rev. 11)






Copyright 1986-2016 Xilinx, Inc. All Rights Reserved.
------------------------------------------------------------------------------------
| Tool Version : Vivado v.2016.3 (win64) Build 1682563 Mon Oct 10 19:07:27 MDT 2016
| Date         : Thu Oct 27 22:31:04 2016
| Host         : Zordon running 64-bit major release  (build 9200)
| Command      : upgrade_ip
| Device       : xc7z010clg400-1
------------------------------------------------------------------------------------

Upgrade Log for IP 'bfm_rst_processing_system7_0_150M_0'

1. Summary
----------

SUCCESS in the upgrade of bfm_rst_processing_system7_0_150M_0 (xilinx.com:ip:proc_sys_reset:5.0) from (Rev. 8) to (Rev. 10)






Copyright 1986-2016 Xilinx, Inc. All Rights Reserved.
------------------------------------------------------------------------------------
| Tool Version : Vivado v.2016.3 (win64) Build 1682563 Mon Oct 10 19:07:27 MDT 2016
| Date         : Thu Oct 27 22:31:04 2016
| Host         : Zordon running 64-bit major release  (build 9200)
| Command      : upgrade_ip
| Device       : xc7z010clg400-1
------------------------------------------------------------------------------------

Upgrade Log for IP 'bfm_rst_processing_system7_0_100M_0'

1. Summary
----------

SUCCESS in the upgrade of bfm_rst_processing_system7_0_100M_0 (xilinx.com:ip:proc_sys_reset:5.0) from (Rev. 8) to (Rev. 10)






Copyright 1986-2016 Xilinx, Inc. All Rights Reserved.
------------------------------------------------------------------------------------
| Tool Version : Vivado v.2016.3 (win64) Build 1682563 Mon Oct 10 19:07:27 MDT 2016
| Date         : Thu Oct 27 22:31:04 2016
| Host         : Zordon running 64-bit major release  (build 9200)
| Command      : upgrade_ip
| Device       : xc7z010clg400-1
------------------------------------------------------------------------------------

Upgrade Log for IP 'bfm_processing_system7_0_axi_periph_0'

1. Summary
----------

SUCCESS in the upgrade of bfm_processing_system7_0_axi_periph_0 (xilinx.com:ip:axi_interconnect:2.1) from (Rev. 8) to (Rev. 11)






Copyright 1986-2016 Xilinx, Inc. All Rights Reserved.
------------------------------------------------------------------------------------
| Tool Version : Vivado v.2016.3 (win64) Build 1682563 Mon Oct 10 19:07:27 MDT 2016
| Date         : Thu Oct 27 22:31:04 2016
| Host         : Zordon running 64-bit major release  (build 9200)
| Command      : upgrade_ip
| Device       : xc7z010clg400-1
------------------------------------------------------------------------------------

Upgrade Log for IP 'bfm_clk_wiz_0_0'

1. Summary
----------

CAUTION (success, with warnings) in the upgrade of bfm_clk_wiz_0_0 from xilinx.com:ip:clk_wiz:5.2 (Rev. 1) to xilinx.com:ip:clk_wiz:5.3 (Rev. 2)

After upgrade, an IP may have parameter and port differences compared to the original customization. Please review the parameters within the IP customization GUI to ensure proper functionality. Also, please review the updated IP instantiation template to ensure proper connectivity, and update your design if required.

2. Connection Warnings
----------------------

Detected external port differences while upgrading 'bfm_clk_wiz_0_0'. These changes may impact your design.


-Upgraded port order differs after port 'reset'







Copyright 1986-2016 Xilinx, Inc. All Rights Reserved.
------------------------------------------------------------------------------------
| Tool Version : Vivado v.2016.3 (win64) Build 1682563 Mon Oct 10 19:07:27 MDT 2016
| Date         : Thu Oct 27 22:31:04 2016
| Host         : Zordon running 64-bit major release  (build 9200)
| Command      : upgrade_ip
| Device       : xc7z010clg400-1
------------------------------------------------------------------------------------

Upgrade Log for IP 'bfm_axi_gpio_1_0'

1. Summary
----------

SUCCESS in the upgrade of bfm_axi_gpio_1_0 (xilinx.com:ip:axi_gpio:2.0) from (Rev. 9) to (Rev. 12)






Copyright 1986-2016 Xilinx, Inc. All Rights Reserved.
------------------------------------------------------------------------------------
| Tool Version : Vivado v.2016.3 (win64) Build 1682563 Mon Oct 10 19:07:27 MDT 2016
| Date         : Thu Oct 27 22:31:04 2016
| Host         : Zordon running 64-bit major release  (build 9200)
| Command      : upgrade_ip
| Device       : xc7z010clg400-1
------------------------------------------------------------------------------------

Upgrade Log for IP 'bfm_axi_gpio_0_0'

1. Summary
----------

SUCCESS in the upgrade of bfm_axi_gpio_0_0 (xilinx.com:ip:axi_gpio:2.0) from (Rev. 9) to (Rev. 12)






Copyright 1986-2016 Xilinx, Inc. All Rights Reserved.
------------------------------------------------------------------------------------
| Tool Version : Vivado v.2016.3 (win64) Build 1682563 Mon Oct 10 19:07:27 MDT 2016
| Date         : Thu Oct 27 22:30:52 2016
| Host         : Zordon running 64-bit major release  (build 9200)
| Command      : upgrade_ip
| Device       : xc7z010clg400-1
------------------------------------------------------------------------------------

Upgrade Log for IP 'asdasdad'

1. Summary
----------

SUCCESS in the upgrade of asdasdad (xilinx.com:ip:c_addsub:12.0) from (Rev. 8) to (Rev. 10)






Copyright 1986-2016 Xilinx, Inc. All Rights Reserved.
------------------------------------------------------------------------------------
| Tool Version : Vivado v.2016.3 (win64) Build 1682563 Mon Oct 10 19:07:27 MDT 2016
| Date         : Thu Oct 27 22:30:50 2016
| Host         : Zordon running 64-bit major release  (build 9200)
| Command      : upgrade_ip
| Device       : xc7z010clg400-1
------------------------------------------------------------------------------------

Upgrade Log for IP 'Adder'

1. Summary
----------

SUCCESS in the upgrade of Adder (xilinx.com:ip:c_addsub:12.0) from (Rev. 8) to (Rev. 10)

