#-----------------------------------------------------------
# Vivado v2016.3 (64-bit)
# SW Build 1682563 on Mon Oct 10 19:07:27 MDT 2016
# IP Build 1681267 on Mon Oct 10 21:28:31 MDT 2016
# Start of session at: Thu Nov 03 21:50:51 2016
# Process ID: 8200
# Current directory: C:/Users/Milosz/Documents/magisterium
# Command line: vivado.exe -gui_launcher_event rodinguilauncherevent7072 C:\Users\Milosz\Documents\magisterium\magisterium.xpr
# Log file: C:/Users/Milosz/Documents/magisterium/vivado.log
# Journal file: C:/Users/Milosz/Documents/magisterium\vivado.jou
#-----------------------------------------------------------
start_gui
open_project C:/Users/Milosz/Documents/magisterium/magisterium.xpr
Scanning sources...
Finished scanning sources
INFO: [IP_Flow 19-234] Refreshing IP repositories
INFO: [IP_Flow 19-1700] Loaded user IP repository 'c:/Users/Milosz/Documents/magisterium/magisterium.srcs/sources_1/if'.
INFO: [IP_Flow 19-1700] Loaded user IP repository 'c:/Users/Milosz/Documents/magisterium/magisterium.srcs/sources_1/tcl'.
INFO: [IP_Flow 19-2313] Loaded Vivado IP repository 'C:/Xilinx/Vivado/2016.3/data/ip'.
open_project: Time (s): cpu = 00:00:11 ; elapsed = 00:00:07 . Memory (MB): peak = 877.645 ; gain = 190.371
exit
INFO: [Common 17-206] Exiting Vivado at Thu Nov 03 21:51:15 2016...
