#-----------------------------------------------------------
# Vivado v2016.3 (64-bit)
# SW Build 1682563 on Mon Oct 10 19:07:27 MDT 2016
# IP Build 1681267 on Mon Oct 10 21:28:31 MDT 2016
# Start of session at: Thu Nov 03 22:06:26 2016
# Process ID: 11128
# Current directory: C:/Users/Milosz/Documents/magisterium
# Command line: vivado.exe -gui_launcher_event rodinguilauncherevent5604 C:\Users\Milosz\Documents\magisterium\magisterium.xpr
# Log file: C:/Users/Milosz/Documents/magisterium/vivado.log
# Journal file: C:/Users/Milosz/Documents/magisterium\vivado.jou
#-----------------------------------------------------------
start_gui
open_project C:/Users/Milosz/Documents/magisterium/magisterium.xpr
Scanning sources...
Finished scanning sources
WARNING: [filemgmt 56-3] IPUserFilesDir: Could not find the directory 'C:/Users/Milosz/Documents/magisterium/magisterium.ip_user_files'.
INFO: [IP_Flow 19-234] Refreshing IP repositories
INFO: [IP_Flow 19-1700] Loaded user IP repository 'c:/Users/Milosz/Documents/magisterium/magisterium.srcs/sources_1/if'.
INFO: [IP_Flow 19-1700] Loaded user IP repository 'c:/Users/Milosz/Documents/magisterium/magisterium.srcs/sources_1/tcl'.
INFO: [IP_Flow 19-2313] Loaded Vivado IP repository 'C:/Xilinx/Vivado/2016.3/data/ip'.
open_project: Time (s): cpu = 00:00:11 ; elapsed = 00:00:06 . Memory (MB): peak = 873.559 ; gain = 182.188
reset_run synth_1
launch_runs impl_1 -to_step write_bitstream -jobs 4
[Thu Nov 03 22:07:41 2016] Launched synth_1...
Run output will be captured here: C:/Users/Milosz/Documents/magisterium/magisterium.runs/synth_1/runme.log
[Thu Nov 03 22:07:41 2016] Launched impl_1...
Run output will be captured here: C:/Users/Milosz/Documents/magisterium/magisterium.runs/impl_1/runme.log
launch_runs: Time (s): cpu = 00:00:02 ; elapsed = 00:00:31 . Memory (MB): peak = 883.617 ; gain = 0.000
reset_run impl_1 -prev_step 
reset_run synth_1
launch_runs impl_1 -to_step write_bitstream -jobs 4
[Thu Nov 03 22:13:15 2016] Launched synth_1...
Run output will be captured here: C:/Users/Milosz/Documents/magisterium/magisterium.runs/synth_1/runme.log
[Thu Nov 03 22:13:15 2016] Launched impl_1...
Run output will be captured here: C:/Users/Milosz/Documents/magisterium/magisterium.runs/impl_1/runme.log
launch_runs: Time (s): cpu = 00:00:01 ; elapsed = 00:00:30 . Memory (MB): peak = 910.629 ; gain = 0.000
file copy -force C:/Users/Milosz/Documents/magisterium/magisterium.runs/impl_1/magisterium.sysdef C:/Users/Milosz/Documents/magisterium/magisterium.sdk/magisterium.hdf

launch_sdk -workspace C:/Users/Milosz/Documents/magisterium/magisterium.sdk -hwspec C:/Users/Milosz/Documents/magisterium/magisterium.sdk/magisterium.hdf
INFO: [Vivado 12-393] Launching SDK...
INFO: [Vivado 12-417] Running xsdk -workspace C:/Users/Milosz/Documents/magisterium/magisterium.sdk -hwspec C:/Users/Milosz/Documents/magisterium/magisterium.sdk/magisterium.hdf
INFO: [Vivado 12-3157] SDK launch initiated. Please check console for any further messages.
exit
INFO: [Common 17-206] Exiting Vivado at Thu Nov 03 22:27:45 2016...
