#-----------------------------------------------------------
# Vivado v2016.3 (64-bit)
# SW Build 1682563 on Mon Oct 10 19:07:27 MDT 2016
# IP Build 1681267 on Mon Oct 10 21:28:31 MDT 2016
# Start of session at: Fri Oct 28 02:01:17 2016
# Process ID: 14320
# Current directory: D:/OneDrive/mag/MSc_ZYBO/magisterium16
# Command line: vivado.exe -gui_launcher_event rodinguilauncherevent11180 D:\OneDrive\mag\MSc_ZYBO\magisterium16\magisterium.xpr
# Log file: D:/OneDrive/mag/MSc_ZYBO/magisterium16/vivado.log
# Journal file: D:/OneDrive/mag/MSc_ZYBO/magisterium16\vivado.jou
#-----------------------------------------------------------
start_gui
open_project D:/OneDrive/mag/MSc_ZYBO/magisterium16/magisterium.xpr
CRITICAL WARNING: [Project 1-19] Could not find the file 'D:/OneDrive/mag/MSc_ZYBO/magisterium16/magisterium.srcs/sources_1/bd/zordon/ipshared/digilentinc.com/dvi2rgb_v1_6/src/SyncAsync.vhd'.
CRITICAL WARNING: [Project 1-19] Could not find the file 'D:/OneDrive/mag/MSc_ZYBO/magisterium16/magisterium.srcs/sources_1/bd/zordon/ipshared/digilentinc.com/dvi2rgb_v1_6/src/GlitchFilter.vhd'.
CRITICAL WARNING: [Project 1-19] Could not find the file 'D:/OneDrive/mag/MSc_ZYBO/magisterium16/magisterium.srcs/sources_1/bd/zordon/ipshared/digilentinc.com/dvi2rgb_v1_6/src/DVI_Constants.vhd'.
CRITICAL WARNING: [Project 1-19] Could not find the file 'D:/OneDrive/mag/MSc_ZYBO/magisterium16/magisterium.srcs/sources_1/bd/zordon/ipshared/digilentinc.com/dvi2rgb_v1_6/src/TWI_SlaveCtl.vhd'.
CRITICAL WARNING: [Project 1-19] Could not find the file 'D:/OneDrive/mag/MSc_ZYBO/magisterium16/magisterium.srcs/sources_1/bd/zordon/ipshared/digilentinc.com/dvi2rgb_v1_6/src/SyncBase.vhd'.
CRITICAL WARNING: [Project 1-19] Could not find the file 'D:/OneDrive/mag/MSc_ZYBO/magisterium16/magisterium.srcs/sources_1/bd/zordon/ipshared/digilentinc.com/dvi2rgb_v1_6/src/SyncAsyncReset.vhd'.
CRITICAL WARNING: [Project 1-19] Could not find the file 'D:/OneDrive/mag/MSc_ZYBO/magisterium16/magisterium.srcs/sources_1/bd/zordon/ipshared/digilentinc.com/dvi2rgb_v1_6/src/PhaseAlign.vhd'.
CRITICAL WARNING: [Project 1-19] Could not find the file 'D:/OneDrive/mag/MSc_ZYBO/magisterium16/magisterium.srcs/sources_1/bd/zordon/ipshared/digilentinc.com/dvi2rgb_v1_6/src/InputSERDES.vhd'.
CRITICAL WARNING: [Project 1-19] Could not find the file 'D:/OneDrive/mag/MSc_ZYBO/magisterium16/magisterium.srcs/sources_1/bd/zordon/ipshared/digilentinc.com/dvi2rgb_v1_6/src/ChannelBond.vhd'.
CRITICAL WARNING: [Project 1-19] Could not find the file 'D:/OneDrive/mag/MSc_ZYBO/magisterium16/magisterium.srcs/sources_1/bd/zordon/ipshared/digilentinc.com/dvi2rgb_v1_6/src/TMDS_Decoder.vhd'.
CRITICAL WARNING: [Project 1-19] Could not find the file 'D:/OneDrive/mag/MSc_ZYBO/magisterium16/magisterium.srcs/sources_1/bd/zordon/ipshared/digilentinc.com/dvi2rgb_v1_6/src/TMDS_Clocking.vhd'.
CRITICAL WARNING: [Project 1-19] Could not find the file 'D:/OneDrive/mag/MSc_ZYBO/magisterium16/magisterium.srcs/sources_1/bd/zordon/ipshared/digilentinc.com/dvi2rgb_v1_6/src/ResyncToBUFG.vhd'.
CRITICAL WARNING: [Project 1-19] Could not find the file 'D:/OneDrive/mag/MSc_ZYBO/magisterium16/magisterium.srcs/sources_1/bd/zordon/ipshared/digilentinc.com/dvi2rgb_v1_6/src/EEPROM_8b.vhd'.
CRITICAL WARNING: [Project 1-19] Could not find the file 'D:/OneDrive/mag/MSc_ZYBO/magisterium16/magisterium.srcs/sources_1/bd/zordon/ipshared/digilentinc.com/dvi2rgb_v1_6/src/dvi2rgb.vhd'.
Scanning sources...
Finished scanning sources
WARNING: [filemgmt 56-3] IPUserFilesDir: Could not find the directory 'D:/OneDrive/mag/MSc_ZYBO/magisterium16/magisterium.ip_user_files'.
INFO: [IP_Flow 19-234] Refreshing IP repositories
INFO: [IP_Flow 19-1700] Loaded user IP repository 'd:/OneDrive/mag/MSc_ZYBO/magisterium16/magisterium.srcs/sources_1'.
INFO: [IP_Flow 19-2313] Loaded Vivado IP repository 'D:/Xilinx/Vivado/2016.3/data/ip'.
WARNING: [BD 41-1661] One or more IPs have been locked in the design 'bfm.bd'. Please run report_ip_status for more details and recommendations on how to fix this issue.
List of locked IPs:
bfm_processing_system7_bfm_0_0

open_project: Time (s): cpu = 00:00:19 ; elapsed = 00:00:11 . Memory (MB): peak = 925.941 ; gain = 263.586
exit
INFO: [Common 17-206] Exiting Vivado at Fri Oct 28 02:01:45 2016...
