#-----------------------------------------------------------
# Webtalk v2016.3 (64-bit)
# SW Build 1682563 on Mon Oct 10 19:07:27 MDT 2016
# 
# Start of session at: Sat Dec 03 21:04:36 2016
# Process ID: 6624
# Current directory: C:/Users/Marcin/VERILOG/magisterium/magisterium.sdk/webtalk
# Command line: wbtcv.exe -mode batch -source sdk_webtalk.tcl
# Log file: C:/Users/Marcin/VERILOG/magisterium/magisterium.sdk/webtalk/webtalk.log
# Journal file: C:/Users/Marcin/VERILOG/magisterium/magisterium.sdk/webtalk\webtalk.jou
#-----------------------------------------------------------
source sdk_webtalk.tcl
# webtalk_init -webtalk_dir C:\\Users\\Marcin\\VERILOG\\magisterium\\magisterium.sdk\\webtalk
# webtalk_register_client -client project
# webtalk_add_data -client project -key date_generated -value "2016-12-03 21:04:26" -context "software_version_and_target_device"
# webtalk_add_data -client project -key product_version -value "SDK v2016.3" -context "software_version_and_target_device"
# webtalk_add_data -client project -key build_version -value "2016.3" -context "software_version_and_target_device"
# webtalk_add_data -client project -key os_platform -value "amd64" -context "software_version_and_target_device"
# webtalk_add_data -client project -key registration_id -value "211124602_0_0_951" -context "software_version_and_target_device"
# webtalk_add_data -client project -key tool_flow -value "SDK" -context "software_version_and_target_device"
# webtalk_add_data -client project -key beta -value "false" -context "software_version_and_target_device"
# webtalk_add_data -client project -key route_design -value "NA" -context "software_version_and_target_device"
# webtalk_add_data -client project -key target_family -value "NA" -context "software_version_and_target_device"
# webtalk_add_data -client project -key target_device -value "NA" -context "software_version_and_target_device"
# webtalk_add_data -client project -key target_package -value "NA" -context "software_version_and_target_device"
# webtalk_add_data -client project -key target_speed -value "NA" -context "software_version_and_target_device"
# webtalk_add_data -client project -key random_id -value "gemc1ojtnr7l3kiojg3c4v6t13" -context "software_version_and_target_device"
# webtalk_add_data -client project -key project_id -value "2016.3_11" -context "software_version_and_target_device"
# webtalk_add_data -client project -key project_iteration -value "11" -context "software_version_and_target_device"
# webtalk_add_data -client project -key os_name -value "Microsoft Windows 8 or later , 64-bit" -context "user_environment"
# webtalk_add_data -client project -key os_release -value "major release  (build 9200)" -context "user_environment"
# webtalk_add_data -client project -key cpu_name -value "Intel(R) Core(TM) i5-3210M CPU @ 2.50GHz" -context "user_environment"
# webtalk_add_data -client project -key cpu_speed -value "2494 MHz" -context "user_environment"
# webtalk_add_data -client project -key total_processors -value "1" -context "user_environment"
# webtalk_add_data -client project -key system_ram -value "8.000 GB" -context "user_environment"
# webtalk_register_client -client sdk
# webtalk_add_data -client sdk -key uid -value "1480792869819" -context "sdk\\\\hardware/1480792869819"
# webtalk_add_data -client sdk -key isZynq -value "true" -context "sdk\\\\hardware/1480792869819"
# webtalk_add_data -client sdk -key isZynqMP -value "false" -context "sdk\\\\hardware/1480792869819"
# webtalk_add_data -client sdk -key Processors -value "2" -context "sdk\\\\hardware/1480792869819"
# webtalk_add_data -client sdk -key VivadoVersion -value "2016.3" -context "sdk\\\\hardware/1480792869819"
# webtalk_add_data -client sdk -key Arch -value "zynq" -context "sdk\\\\hardware/1480792869819"
# webtalk_add_data -client sdk -key Device -value "7z010" -context "sdk\\\\hardware/1480792869819"
# webtalk_add_data -client sdk -key IsHandoff -value "true" -context "sdk\\\\hardware/1480792869819"
# webtalk_add_data -client sdk -key os -value "NA" -context "sdk\\\\hardware/1480792869819"
# webtalk_add_data -client sdk -key apptemplate -value "NA" -context "sdk\\\\hardware/1480792869819"
# webtalk_add_data -client sdk -key RecordType -value "HWCreation" -context "sdk\\\\hardware/1480792869819"
# webtalk_add_data -client sdk -key uid -value "1480793070690" -context "sdk\\\\bsp/1480793070690"
# webtalk_add_data -client sdk -key hwid -value "1480792869819" -context "sdk\\\\bsp/1480793070690"
# webtalk_add_data -client sdk -key os -value "standalone" -context "sdk\\\\bsp/1480793070690"
# webtalk_add_data -client sdk -key apptemplate -value "hello_world" -context "sdk\\\\bsp/1480793070690"
# webtalk_add_data -client sdk -key RecordType -value "BSPCreation" -context "sdk\\\\bsp/1480793070690"
# webtalk_add_data -client sdk -key uid -value "1480793092336" -context "sdk\\\\application/1480793092336"
# webtalk_add_data -client sdk -key hwid -value "1480792869819" -context "sdk\\\\application/1480793092336"
# webtalk_add_data -client sdk -key bspid -value "1480793070690" -context "sdk\\\\application/1480793092336"
# webtalk_add_data -client sdk -key newbsp -value "true" -context "sdk\\\\application/1480793092336"
# webtalk_add_data -client sdk -key os -value "standalone" -context "sdk\\\\application/1480793092336"
# webtalk_add_data -client sdk -key apptemplate -value "hello_world" -context "sdk\\\\application/1480793092336"
# webtalk_add_data -client sdk -key RecordType -value "APPCreation" -context "sdk\\\\application/1480793092336"
# webtalk_add_data -client sdk -key LangUsed -value "C" -context "sdk\\\\application/1480793092336"
# webtalk_add_data -client sdk -key Procused -value "ps7_cortexa9" -context "sdk\\\\application/1480793092336"
# webtalk_add_data -client sdk -key projSize -value "225.21484375" -context "sdk\\\\application/1480793092336"
# webtalk_add_data -client sdk -key uid -value "NA" -context "sdk\\\\bsp/1480795464936"
# webtalk_add_data -client sdk -key RecordType -value "ToolUsage" -context "sdk\\\\bsp/1480795464936"
# webtalk_add_data -client sdk -key BootgenCount -value "0" -context "sdk\\\\bsp/1480795464936"
# webtalk_add_data -client sdk -key DebugCount -value "0" -context "sdk\\\\bsp/1480795464936"
# webtalk_add_data -client sdk -key PerfCount -value "0" -context "sdk\\\\bsp/1480795464936"
# webtalk_add_data -client sdk -key FlashCount -value "0" -context "sdk\\\\bsp/1480795464936"
# webtalk_add_data -client sdk -key CrossTriggCount -value "0" -context "sdk\\\\bsp/1480795464936"
# webtalk_add_data -client sdk -key QemuDebugCount -value "0" -context "sdk\\\\bsp/1480795464936"
# webtalk_transmit -clientid 3613527411 -regid "211124602_0_0_951" -xml C:\\Users\\Marcin\\VERILOG\\magisterium\\magisterium.sdk\\webtalk\\usage_statistics_ext_sdk.xml -html C:\\Users\\Marcin\\VERILOG\\magisterium\\magisterium.sdk\\webtalk\\usage_statistics_ext_sdk.html -wdm C:\\Users\\Marcin\\VERILOG\\magisterium\\magisterium.sdk\\webtalk\\sdk_webtalk.wdm -intro "<H3>SDK Usage Report</H3><BR>"
INFO: [Common 17-186] 'C:\Users\Marcin\VERILOG\magisterium\magisterium.sdk\webtalk\usage_statistics_ext_sdk.xml' has been successfully sent to Xilinx on Sat Dec 03 21:04:59 2016. For additional details about this file, please refer to the WebTalk help file at C:/Xilinx/SDK/2016.3/doc/webtalk_introduction.html.
webtalk_transmit: Time (s): cpu = 00:00:00 ; elapsed = 00:00:08 . Memory (MB): peak = 48.762 ; gain = 0.059
# webtalk_terminate
INFO: [Common 17-206] Exiting Webtalk at Sat Dec 03 21:04:59 2016...
