Copyright 1986-2016 Xilinx, Inc. All Rights Reserved.
------------------------------------------------------------------------------------
| Tool Version : Vivado v.2016.3 (win64) Build 1682563 Mon Oct 10 19:07:27 MDT 2016
| Date         : Sun Dec 18 17:03:12 2016
| Host         : KomputerMarcina running 64-bit major release  (build 9200)
| Command      : upgrade_ip
| Device       : xc7z010clg400-1
------------------------------------------------------------------------------------

Upgrade Log for IP 'zordon_gradient_hessian_0_0'

1. Summary
----------

SUCCESS in the update of zordon_gradient_hessian_0_0 (xilinx.com:user:gradient_hessian:1.0 (Rev. 2)) to current project options.






Copyright 1986-2016 Xilinx, Inc. All Rights Reserved.
------------------------------------------------------------------------------------
| Tool Version : Vivado v.2016.3 (win64) Build 1682563 Mon Oct 10 19:07:27 MDT 2016
| Date         : Sun Dec 18 16:08:09 2016
| Host         : KomputerMarcina running 64-bit major release  (build 9200)
| Command      : upgrade_ip
| Device       : xc7z010clg400-1
------------------------------------------------------------------------------------

Upgrade Log for IP 'zordon_gradient_hessian_0_0'

1. Summary
----------

SUCCESS in the update of zordon_gradient_hessian_0_0 (xilinx.com:user:gradient_hessian:1.0 (Rev. 2)) to current project options.






Copyright 1986-2016 Xilinx, Inc. All Rights Reserved.
------------------------------------------------------------------------------------
| Tool Version : Vivado v.2016.3 (win64) Build 1682563 Mon Oct 10 19:07:27 MDT 2016
| Date         : Sun Dec 18 10:13:33 2016
| Host         : KomputerMarcina running 64-bit major release  (build 9200)
| Command      : upgrade_ip
| Device       : xc7z010clg400-1
------------------------------------------------------------------------------------

Upgrade Log for IP 'zordon_gradient_hessian_0_0'

1. Summary
----------

SUCCESS in the update of zordon_gradient_hessian_0_0 (xilinx.com:user:gradient_hessian:1.0 (Rev. 2)) to current project options.






Copyright 1986-2016 Xilinx, Inc. All Rights Reserved.
------------------------------------------------------------------------------------
| Tool Version : Vivado v.2016.3 (win64) Build 1682563 Mon Oct 10 19:07:27 MDT 2016
| Date         : Sat Dec 17 10:50:19 2016
| Host         : KomputerMarcina running 64-bit major release  (build 9200)
| Command      : upgrade_ip
| Device       : xc7z010clg400-1
------------------------------------------------------------------------------------

Upgrade Log for IP 'zordon_gradient_hessian_0_0'

1. Summary
----------

SUCCESS in the update of zordon_gradient_hessian_0_0 (xilinx.com:user:gradient_hessian:1.0 (Rev. 2)) to current project options.






Copyright 1986-2016 Xilinx, Inc. All Rights Reserved.
------------------------------------------------------------------------------------
| Tool Version : Vivado v.2016.3 (win64) Build 1682563 Mon Oct 10 19:07:27 MDT 2016
| Date         : Fri Dec 16 15:42:15 2016
| Host         : KomputerMarcina running 64-bit major release  (build 9200)
| Command      : upgrade_ip
| Device       : xc7z010clg400-1
------------------------------------------------------------------------------------

Upgrade Log for IP 'zordon_gradient_hessian_0_0'

1. Summary
----------

SUCCESS in the update of zordon_gradient_hessian_0_0 (xilinx.com:user:gradient_hessian:1.0 (Rev. 2)) to current project options.






Copyright 1986-2016 Xilinx, Inc. All Rights Reserved.
------------------------------------------------------------------------------------
| Tool Version : Vivado v.2016.3 (win64) Build 1682563 Mon Oct 10 19:07:27 MDT 2016
| Date         : Fri Dec 16 15:22:42 2016
| Host         : KomputerMarcina running 64-bit major release  (build 9200)
| Command      : upgrade_ip
| Device       : xc7z010clg400-1
------------------------------------------------------------------------------------

Upgrade Log for IP 'zordon_gradient_hessian_0_0'

1. Summary
----------

SUCCESS in the update of zordon_gradient_hessian_0_0 (xilinx.com:user:gradient_hessian:1.0 (Rev. 2)) to current project options.






Copyright 1986-2016 Xilinx, Inc. All Rights Reserved.
------------------------------------------------------------------------------------
| Tool Version : Vivado v.2016.3 (win64) Build 1682563 Mon Oct 10 19:07:27 MDT 2016
| Date         : Fri Dec 16 13:45:04 2016
| Host         : KomputerMarcina running 64-bit major release  (build 9200)
| Command      : upgrade_ip
| Device       : xc7z010clg400-1
------------------------------------------------------------------------------------

Upgrade Log for IP 'zordon_gradient_hessian_0_0'

1. Summary
----------

SUCCESS in the update of zordon_gradient_hessian_0_0 (xilinx.com:user:gradient_hessian:1.0 (Rev. 2)) to current project options.






Copyright 1986-2016 Xilinx, Inc. All Rights Reserved.
------------------------------------------------------------------------------------
| Tool Version : Vivado v.2016.3 (win64) Build 1682563 Mon Oct 10 19:07:27 MDT 2016
| Date         : Fri Dec 16 10:58:56 2016
| Host         : KomputerMarcina running 64-bit major release  (build 9200)
| Command      : upgrade_ip
| Device       : xc7z010clg400-1
------------------------------------------------------------------------------------

Upgrade Log for IP 'zordon_gradient_hessian_0_0'

1. Summary
----------

SUCCESS in the update of zordon_gradient_hessian_0_0 (xilinx.com:user:gradient_hessian:1.0 (Rev. 2)) to current project options.






Copyright 1986-2016 Xilinx, Inc. All Rights Reserved.
------------------------------------------------------------------------------------
| Tool Version : Vivado v.2016.3 (win64) Build 1682563 Mon Oct 10 19:07:27 MDT 2016
| Date         : Fri Dec 16 10:41:43 2016
| Host         : KomputerMarcina running 64-bit major release  (build 9200)
| Command      : upgrade_ip
| Device       : xc7z010clg400-1
------------------------------------------------------------------------------------

Upgrade Log for IP 'zordon_mux_6_1_0_0'

1. Summary
----------

SUCCESS in the update of zordon_mux_6_1_0_0 (xilinx.com:user:mux_6_1:1.0 (Rev. 2)) to current project options.






Copyright 1986-2016 Xilinx, Inc. All Rights Reserved.
------------------------------------------------------------------------------------
| Tool Version : Vivado v.2016.3 (win64) Build 1682563 Mon Oct 10 19:07:27 MDT 2016
| Date         : Fri Dec 16 10:20:54 2016
| Host         : KomputerMarcina running 64-bit major release  (build 9200)
| Command      : upgrade_ip
| Device       : xc7z010clg400-1
------------------------------------------------------------------------------------

Upgrade Log for IP 'zordon_gradient_hessian_0_0'

1. Summary
----------

SUCCESS in the update of zordon_gradient_hessian_0_0 (xilinx.com:user:gradient_hessian:1.0 (Rev. 2)) to current project options.






Copyright 1986-2016 Xilinx, Inc. All Rights Reserved.
------------------------------------------------------------------------------------
| Tool Version : Vivado v.2016.3 (win64) Build 1682563 Mon Oct 10 19:07:27 MDT 2016
| Date         : Fri Dec 16 10:01:48 2016
| Host         : KomputerMarcina running 64-bit major release  (build 9200)
| Command      : upgrade_ip
| Device       : xc7z010clg400-1
------------------------------------------------------------------------------------

Upgrade Log for IP 'zordon_grey_scale_0_0'

1. Summary
----------

SUCCESS in the update of zordon_grey_scale_0_0 (xilinx.com:user:grey_scale:1.0 (Rev. 2)) to current project options.






Copyright 1986-2016 Xilinx, Inc. All Rights Reserved.
------------------------------------------------------------------------------------
| Tool Version : Vivado v.2016.3 (win64) Build 1682563 Mon Oct 10 19:07:27 MDT 2016
| Date         : Fri Dec 16 02:08:19 2016
| Host         : KomputerMarcina running 64-bit major release  (build 9200)
| Command      : upgrade_ip
| Device       : xc7z010clg400-1
------------------------------------------------------------------------------------

Upgrade Log for IP 'zordon_mux_6_1_0_0'

1. Summary
----------

SUCCESS in the update of zordon_mux_6_1_0_0 (xilinx.com:user:mux_6_1:1.0 (Rev. 2)) to current project options.






Copyright 1986-2016 Xilinx, Inc. All Rights Reserved.
------------------------------------------------------------------------------------
| Tool Version : Vivado v.2016.3 (win64) Build 1682563 Mon Oct 10 19:07:27 MDT 2016
| Date         : Fri Dec 16 01:56:29 2016
| Host         : KomputerMarcina running 64-bit major release  (build 9200)
| Command      : upgrade_ip
| Device       : xc7z010clg400-1
------------------------------------------------------------------------------------

Upgrade Log for IP 'zordon_mux_6_1_0_0'

1. Summary
----------

CAUTION (success, with warnings) in the update of zordon_mux_6_1_0_0 (xilinx.com:user:mux_6_1:1.0 (Rev. 2)) to current project options.

After upgrade, an IP may have parameter and port differences compared to the original customization. Please review the parameters within the IP customization GUI to ensure proper functionality. Also, please review the updated IP instantiation template to ensure proper connectivity, and update your design if required.

2. Connection Warnings
----------------------

Detected external port differences while upgrading 'zordon_mux_6_1_0_0'. These changes may impact your design.


-Upgrade has removed port 'select'

-Upgrade has added port 'switch'







Copyright 1986-2016 Xilinx, Inc. All Rights Reserved.
------------------------------------------------------------------------------------
| Tool Version : Vivado v.2016.3 (win64) Build 1682563 Mon Oct 10 19:07:27 MDT 2016
| Date         : Fri Dec 16 01:38:29 2016
| Host         : KomputerMarcina running 64-bit major release  (build 9200)
| Command      : upgrade_ip
| Device       : xc7z010clg400-1
------------------------------------------------------------------------------------

Upgrade Log for IP 'zordon_gradient_hessian_0_0'

1. Summary
----------

CAUTION (success, with warnings) in the update of zordon_gradient_hessian_0_0 (xilinx.com:user:gradient_hessian:1.0 (Rev. 2)) to current project options.

After upgrade, an IP may have parameter and port differences compared to the original customization. Please review the parameters within the IP customization GUI to ensure proper functionality. Also, please review the updated IP instantiation template to ensure proper connectivity, and update your design if required.

2. Connection Warnings
----------------------

Detected external port differences while upgrading 'zordon_gradient_hessian_0_0'. These changes may impact your design.


-Upgraded port order differs after port 'grey_out'







Copyright 1986-2016 Xilinx, Inc. All Rights Reserved.
------------------------------------------------------------------------------------
| Tool Version : Vivado v.2016.3 (win64) Build 1682563 Mon Oct 10 19:07:27 MDT 2016
| Date         : Fri Dec 16 00:35:35 2016
| Host         : KomputerMarcina running 64-bit major release  (build 9200)
| Command      : upgrade_ip
| Device       : xc7z010clg400-1
------------------------------------------------------------------------------------

Upgrade Log for IP 'zordon_gradient_hessian_0_0'

1. Summary
----------

CAUTION (success, with warnings) in the update of zordon_gradient_hessian_0_0 (xilinx.com:user:gradient_hessian:1.0 (Rev. 2)) to current project options.

After upgrade, an IP may have parameter and port differences compared to the original customization. Please review the parameters within the IP customization GUI to ensure proper functionality. Also, please review the updated IP instantiation template to ensure proper connectivity, and update your design if required.

2. Connection Warnings
----------------------

Detected external port differences while upgrading 'zordon_gradient_hessian_0_0'. These changes may impact your design.


-Upgrade has added port 'Gx'

-Upgrade has added port 'Gy'

-Upgrade has added port 'Hxx'

-Upgrade has added port 'Hxy'

-Upgrade has added port 'Hyy'







Copyright 1986-2016 Xilinx, Inc. All Rights Reserved.
------------------------------------------------------------------------------------
| Tool Version : Vivado v.2016.3 (win64) Build 1682563 Mon Oct 10 19:07:27 MDT 2016
| Date         : Thu Dec 15 22:53:37 2016
| Host         : KomputerMarcina running 64-bit major release  (build 9200)
| Command      : upgrade_ip
| Device       : xc7z010clg400-1
------------------------------------------------------------------------------------

Upgrade Log for IP 'zordon_gradient_hessian_0_0'

1. Summary
----------

SUCCESS in the update of zordon_gradient_hessian_0_0 (xilinx.com:user:gradient_hessian:1.0 (Rev. 2)) to current project options.






Copyright 1986-2016 Xilinx, Inc. All Rights Reserved.
------------------------------------------------------------------------------------
| Tool Version : Vivado v.2016.3 (win64) Build 1682563 Mon Oct 10 19:07:27 MDT 2016
| Date         : Thu Dec 15 22:12:26 2016
| Host         : KomputerMarcina running 64-bit major release  (build 9200)
| Command      : upgrade_ip
| Device       : xc7z010clg400-1
------------------------------------------------------------------------------------

Upgrade Log for IP 'zordon_gradient_hessian_0_0'

1. Summary
----------

SUCCESS in the update of zordon_gradient_hessian_0_0 (xilinx.com:user:gradient_hessian:1.0 (Rev. 2)) to current project options.






Copyright 1986-2016 Xilinx, Inc. All Rights Reserved.
------------------------------------------------------------------------------------
| Tool Version : Vivado v.2016.3 (win64) Build 1682563 Mon Oct 10 19:07:27 MDT 2016
| Date         : Thu Dec 15 21:39:47 2016
| Host         : KomputerMarcina running 64-bit major release  (build 9200)
| Command      : upgrade_ip
| Device       : xc7z010clg400-1
------------------------------------------------------------------------------------

Upgrade Log for IP 'zordon_gradient_hessian_0_0'

1. Summary
----------

SUCCESS in the update of zordon_gradient_hessian_0_0 (xilinx.com:user:gradient_hessian:1.0 (Rev. 2)) to current project options.






Copyright 1986-2016 Xilinx, Inc. All Rights Reserved.
------------------------------------------------------------------------------------
| Tool Version : Vivado v.2016.3 (win64) Build 1682563 Mon Oct 10 19:07:27 MDT 2016
| Date         : Thu Dec 15 21:14:35 2016
| Host         : KomputerMarcina running 64-bit major release  (build 9200)
| Command      : upgrade_ip
| Device       : xc7z010clg400-1
------------------------------------------------------------------------------------

Upgrade Log for IP 'zordon_gradient_hessian_0_0'

1. Summary
----------

SUCCESS in the update of zordon_gradient_hessian_0_0 (xilinx.com:user:gradient_hessian:1.0 (Rev. 2)) to current project options.






Copyright 1986-2016 Xilinx, Inc. All Rights Reserved.
------------------------------------------------------------------------------------
| Tool Version : Vivado v.2016.3 (win64) Build 1682563 Mon Oct 10 19:07:27 MDT 2016
| Date         : Thu Dec 15 20:41:24 2016
| Host         : KomputerMarcina running 64-bit major release  (build 9200)
| Command      : upgrade_ip
| Device       : xc7z010clg400-1
------------------------------------------------------------------------------------

Upgrade Log for IP 'zordon_gradient_hessian_0_0'

1. Summary
----------

CAUTION (success, with warnings) in the update of zordon_gradient_hessian_0_0 (xilinx.com:user:gradient_hessian:1.0 (Rev. 2)) to current project options.

After upgrade, an IP may have parameter and port differences compared to the original customization. Please review the parameters within the IP customization GUI to ensure proper functionality. Also, please review the updated IP instantiation template to ensure proper connectivity, and update your design if required.

2. Connection Warnings
----------------------

Detected external port differences while upgrading 'zordon_gradient_hessian_0_0'. These changes may impact your design.


-Upgraded port 'grey_out' width 8 differs from original width 9


